<?xml version="1.0" encoding="utf-8"?><testsuites name="pytest tests"><testsuite name="pytest" errors="0" failures="0" skipped="0" tests="6" time="161.076" timestamp="2026-07-08T04:49:11.662254+00:00" hostname="agent-env-58fd3142-7fe5-4f7e-89e5-10de698b90d1"><testcase classname="backend.tests.test_category_mapping_known_lojas.TestLojasMerge" name="test_lojas_returns_seeded_manual_lojas" time="0.996" /><testcase classname="backend.tests.test_category_mapping_known_lojas.TestLojasMerge" name="test_lojas_min_count" time="0.797" /><testcase classname="backend.tests.test_category_mapping_known_lojas.TestKnownLojaCRUD" name="test_add_known_and_verify" time="1.752" /><testcase classname="backend.tests.test_category_mapping_known_lojas.TestLojaAlias" name="test_set_and_reset_alias" time="0.854" /><testcase classname="backend.tests.test_category_mapping_known_lojas.TestSyncApi" name="test_sync_api_dry_run_and_status" time="156.557" /><testcase classname="backend.tests.test_category_mapping_known_lojas.TestSyncApi" name="test_sync_api_status_endpoint" time="0.040" /></testsuite></testsuites>