<?xml version="1.0" encoding="utf-8"?><testsuites name="pytest tests"><testsuite name="pytest" errors="0" failures="0" skipped="0" tests="9" time="10.173" timestamp="2026-07-08T04:01:04.344525+00:00" hostname="agent-env-58fd3142-7fe5-4f7e-89e5-10de698b90d1"><testcase classname="backend.tests.test_category_mapping_lojas_gaps.TestLojas" name="test_lojas_status_and_shape" time="1.063" /><testcase classname="backend.tests.test_category_mapping_lojas_gaps.TestLojas" name="test_lojas_has_expected_marketplaces" time="0.815" /><testcase classname="backend.tests.test_category_mapping_lojas_gaps.TestGaps" name="test_gaps_shape_and_totals" time="3.177" /><testcase classname="backend.tests.test_category_mapping_lojas_gaps.TestGaps" name="test_gaps_loja_ids_match_lojas_list" time="3.215" /><testcase classname="backend.tests.test_category_mapping_lojas_gaps.TestAdjacentEndpoints" name="test_marketplaces_legacy_still_200" time="0.044" /><testcase classname="backend.tests.test_category_mapping_lojas_gaps.TestAdjacentEndpoints" name="test_new_count" time="1.643" /><testcase classname="backend.tests.test_category_mapping_lojas_gaps.TestAdjacentEndpoints" name="test_previews_shape" time="0.044" /><testcase classname="backend.tests.test_category_mapping_lojas_gaps.TestAdjacentEndpoints" name="test_sync_new_status" time="0.046" /><testcase classname="backend.tests.test_category_mapping_lojas_gaps.TestAdjacentEndpoints" name="test_sync_new_post_accepts_creds" time="0.043" /></testsuite></testsuites>