<?xml version="1.0" encoding="utf-8"?><testsuites name="pytest tests"><testsuite name="pytest" errors="0" failures="0" skipped="0" tests="5" time="5.096" timestamp="2026-07-08T03:47:41.105142+00:00" hostname="agent-env-58fd3142-7fe5-4f7e-89e5-10de698b90d1"><testcase classname="backend.tests.test_category_mapping_ui_backend" name="test_marketplaces_endpoint_shape" time="0.210" /><testcase classname="backend.tests.test_category_mapping_ui_backend" name="test_previews_empty_after_cleanup" time="0.043" /><testcase classname="backend.tests.test_category_mapping_ui_backend" name="test_new_count" time="1.649" /><testcase classname="backend.tests.test_category_mapping_ui_backend" name="test_sync_new_status" time="0.043" /><testcase classname="backend.tests.test_category_mapping_ui_backend" name="test_sync_new_post_accepts_and_returns_started" time="3.085" /></testsuite></testsuites>