<?xml version="1.0" encoding="utf-8"?><testsuites name="pytest tests"><testsuite name="pytest" errors="0" failures="0" skipped="0" tests="6" time="1.527" timestamp="2026-07-08T05:13:30.789351+00:00" hostname="agent-env-58fd3142-7fe5-4f7e-89e5-10de698b90d1"><testcase classname="tests.test_semantic_llm_match" name="test_regex_findall_last_extracts_answer_from_reasoning" time="0.000" /><testcase classname="tests.test_semantic_llm_match" name="test_regex_findall_short_answer" time="0.000" /><testcase classname="tests.test_semantic_llm_match" name="test_regex_no_match_returns_empty" time="0.000" /><testcase classname="tests.test_semantic_llm_match" name="test_llm_pick_semantic_barbeador_to_beleza" time="1.382" /><testcase classname="tests.test_semantic_llm_match" name="test_llm_pick_low_confidence_flagged_not_applied" time="0.001" /><testcase classname="tests.test_semantic_llm_match" name="test_llm_pick_zero_response_returns_none" time="0.001" /></testsuite></testsuites>