<?xml version="1.0" encoding="utf-8"?><testsuites name="pytest tests"><testsuite name="pytest" errors="0" failures="1" skipped="0" tests="19" time="170.677" timestamp="2026-06-21T00:06:44.594393+00:00" hostname="agent-env-58fd3142-7fe5-4f7e-89e5-10de698b90d1"><testcase classname="backend.tests.test_recent_skus_and_worker.TestBlingPrereq" name="test_bling_connected" time="0.142" /><testcase classname="backend.tests.test_recent_skus_and_worker.TestEnrichWorker" name="test_queue_endpoint_returns_worker_running" time="0.047" /><testcase classname="backend.tests.test_recent_skus_and_worker.TestEnrichWorker" name="test_queue_summary_has_all_status_buckets" time="0.050" /><testcase classname="backend.tests.test_recent_skus_and_worker.TestEnrichWorker" name="test_tick_now_triggers_manual_run" time="0.042" /><testcase classname="backend.tests.test_recent_skus_and_worker.TestRecentSkus" name="test_default_limit_returns_items" time="60.041"><failure message="assert 502 == 200&#10; +  where 502 = &lt;Response [502]&gt;.status_code">backend/tests/test_recent_skus_and_worker.py:73: in test_default_limit_returns_items
    assert r.status_code == 200
E   assert 502 == 200
E    +  where 502 = &lt;Response [502]&gt;.status_code</failure></testcase><testcase classname="backend.tests.test_recent_skus_and_worker.TestRecentSkus" name="test_each_item_has_required_fields" time="31.651" /><testcase classname="backend.tests.test_recent_skus_and_worker.TestRecentSkus" name="test_items_sorted_desc_by_registered_at" time="28.242" /><testcase classname="backend.tests.test_recent_skus_and_worker.TestRecentSkus" name="test_custom_limit_clamped" time="8.420" /><testcase classname="backend.tests.test_recent_skus_and_worker.TestRecentSkus" name="test_recent_skus_hydrates_bling_state" time="31.399" /><testcase classname="backend.tests.test_recent_skus_and_worker.TestRawDescription" name="test_post_raw_description_validation_short" time="0.049" /><testcase classname="backend.tests.test_recent_skus_and_worker.TestRawDescription" name="test_post_raw_description_validation_missing_sku" time="0.045" /><testcase classname="backend.tests.test_recent_skus_and_worker.TestRawDescription" name="test_post_then_get_persistence" time="0.098" /><testcase classname="backend.tests.test_recent_skus_and_worker.TestRawDescription" name="test_get_unknown_sku_returns_exists_false" time="0.042" /><testcase classname="backend.tests.test_recent_skus_and_worker.TestProductsWithStatus" name="test_not_enriched_filter" time="4.984" /><testcase classname="backend.tests.test_recent_skus_and_worker.TestProductsWithStatus" name="test_enriched_filter" time="4.930" /><testcase classname="backend.tests.test_recent_skus_and_worker.TestDashboard" name="test_stats_no_errors" time="0.075" /><testcase classname="backend.tests.test_recent_skus_and_worker.TestVariationSigla" name="test_azul_verde_vermelho" time="0.294" /><testcase classname="backend.tests.test_recent_skus_and_worker.TestVariationSigla" name="test_size_mapping" time="0.000" /><testcase classname="backend.tests.test_recent_skus_and_worker.TestVariationSigla" name="test_unknown_falls_back_to_first_two" time="0.000" /></testsuite></testsuites>