<?xml version="1.0" encoding="utf-8"?><testsuites name="pytest tests"><testsuite name="pytest" errors="0" failures="0" skipped="0" tests="19" time="31.588" timestamp="2026-06-21T00:21:15.723984+00:00" hostname="agent-env-58fd3142-7fe5-4f7e-89e5-10de698b90d1"><testcase classname="backend.tests.test_recent_skus_and_worker.TestBlingPrereq" name="test_bling_connected" time="0.338" /><testcase classname="backend.tests.test_recent_skus_and_worker.TestEnrichWorker" name="test_queue_endpoint_returns_worker_running" time="0.052" /><testcase classname="backend.tests.test_recent_skus_and_worker.TestEnrichWorker" name="test_queue_summary_has_all_status_buckets" time="0.048" /><testcase classname="backend.tests.test_recent_skus_and_worker.TestEnrichWorker" name="test_tick_now_triggers_manual_run" time="0.039" /><testcase classname="backend.tests.test_recent_skus_and_worker.TestRecentSkus" name="test_default_limit_returns_items" time="4.963" /><testcase classname="backend.tests.test_recent_skus_and_worker.TestRecentSkus" name="test_each_item_has_required_fields" time="3.256" /><testcase classname="backend.tests.test_recent_skus_and_worker.TestRecentSkus" name="test_items_sorted_desc_by_registered_at" time="3.705" /><testcase classname="backend.tests.test_recent_skus_and_worker.TestRecentSkus" name="test_custom_limit_clamped" time="3.313" /><testcase classname="backend.tests.test_recent_skus_and_worker.TestRecentSkus" name="test_recent_skus_hydrates_bling_state" time="5.139" /><testcase classname="backend.tests.test_recent_skus_and_worker.TestRawDescription" name="test_post_raw_description_validation_short" time="0.042" /><testcase classname="backend.tests.test_recent_skus_and_worker.TestRawDescription" name="test_post_raw_description_validation_missing_sku" time="0.040" /><testcase classname="backend.tests.test_recent_skus_and_worker.TestRawDescription" name="test_post_then_get_persistence" time="0.080" /><testcase classname="backend.tests.test_recent_skus_and_worker.TestRawDescription" name="test_get_unknown_sku_returns_exists_false" time="0.080" /><testcase classname="backend.tests.test_recent_skus_and_worker.TestProductsWithStatus" name="test_not_enriched_filter" time="5.010" /><testcase classname="backend.tests.test_recent_skus_and_worker.TestProductsWithStatus" name="test_enriched_filter" time="5.019" /><testcase classname="backend.tests.test_recent_skus_and_worker.TestDashboard" name="test_stats_no_errors" time="0.081" /><testcase classname="backend.tests.test_recent_skus_and_worker.TestVariationSigla" name="test_azul_verde_vermelho" time="0.306" /><testcase classname="backend.tests.test_recent_skus_and_worker.TestVariationSigla" name="test_size_mapping" time="0.000" /><testcase classname="backend.tests.test_recent_skus_and_worker.TestVariationSigla" name="test_unknown_falls_back_to_first_two" time="0.000" /></testsuite></testsuites>