<?xml version="1.0" encoding="utf-8"?><testsuites name="pytest tests"><testsuite name="pytest" errors="0" failures="0" skipped="0" tests="10" time="2.077" timestamp="2026-07-08T03:38:52.011043+00:00" hostname="agent-env-58fd3142-7fe5-4f7e-89e5-10de698b90d1"><testcase classname="tests.test_category_mapping_autosync" name="test_match_score_shared_tokens" time="0.000" /><testcase classname="tests.test_category_mapping_autosync" name="test_get_new_bling_categories_filters_known" time="0.003" /><testcase classname="tests.test_category_mapping_autosync" name="test_map_single_category_creates_previews_per_marketplace" time="0.001" /><testcase classname="tests.test_category_mapping_autosync" name="test_map_single_category_skips_existing" time="0.001" /><testcase classname="tests.test_category_mapping_autosync" name="test_map_single_category_no_suggestion_not_approved" time="0.000" /><testcase classname="tests.test_category_mapping_marketplaces_api.TestMarketplacesEndpoint" name="test_returns_200_and_correct_shape" time="0.118" /><testcase classname="tests.test_category_mapping_marketplaces_api.TestMarketplacesEndpoint" name="test_returns_seeded_marketplaces_sorted" time="0.047" /><testcase classname="tests.test_category_mapping_marketplaces_api.TestExistingEndpointsStillWork" name="test_new_count_returns_pending_int" time="1.618" /><testcase classname="tests.test_category_mapping_marketplaces_api.TestExistingEndpointsStillWork" name="test_sync_new_status_shape" time="0.045" /><testcase classname="tests.test_category_mapping_marketplaces_api.TestExistingEndpointsStillWork" name="test_sync_new_post_accepts_empty_credentials" time="0.044" /></testsuite></testsuites>