<?xml version="1.0" encoding="utf-8"?><testsuites name="pytest tests"><testsuite name="pytest" errors="0" failures="0" skipped="0" tests="24" time="5.370" timestamp="2026-05-28T18:58:47.743475+00:00" hostname="agent-env-58fd3142-7fe5-4f7e-89e5-10de698b90d1"><testcase classname="backend.tests.backend_test.TestRoot" name="test_root" time="0.242" /><testcase classname="backend.tests.backend_test.TestTitleCleaner" name="test_clean_xls_caneta" time="0.053" /><testcase classname="backend.tests.backend_test.TestTitleCleaner" name="test_clean_eletromex_el1931" time="0.057" /><testcase classname="backend.tests.backend_test.TestTitleCleaner" name="test_clean_strips_ean" time="0.049" /><testcase classname="backend.tests.backend_test.TestTitleCleaner" name="test_clean_with_preferred_sku" time="0.051" /><testcase classname="backend.tests.backend_test.TestTitleCleaner" name="test_clean_max_60" time="0.050" /><testcase classname="backend.tests.backend_test.TestTitleCleaner" name="test_batch_clean" time="0.057" /><testcase classname="backend.tests.backend_test.TestPricing" name="test_upload_csv" time="1.896" /><testcase classname="backend.tests.backend_test.TestPricing" name="test_stats" time="0.083" /><testcase classname="backend.tests.backend_test.TestPricing" name="test_lookup_2199" time="0.052" /><testcase classname="backend.tests.backend_test.TestPricing" name="test_lookup_nearest_higher" time="0.054" /><testcase classname="backend.tests.backend_test.TestPricing" name="test_lookup_far_high_not_found" time="0.051" /><testcase classname="backend.tests.backend_test.TestBling" name="test_authorize_url" time="0.054" /><testcase classname="backend.tests.backend_test.TestBling" name="test_status_initial" time="0.105" /><testcase classname="backend.tests.backend_test.TestBling" name="test_disconnect" time="0.047" /><testcase classname="backend.tests.backend_test.TestJohnDropSettings" name="test_save_creds" time="0.061" /><testcase classname="backend.tests.backend_test.TestJohnDropSettings" name="test_get_creds_status" time="0.049" /><testcase classname="backend.tests.backend_test.TestRobot" name="test_robot_status_idle" time="0.054" /><testcase classname="backend.tests.backend_test.TestRobot" name="test_clear_logs" time="0.103" /><testcase classname="backend.tests.backend_test.TestRobot" name="test_start_dry_run_and_complete" time="1.602" /><testcase classname="backend.tests.backend_test.TestRobot" name="test_logs_after_run" time="0.050" /><testcase classname="backend.tests.backend_test.TestRobot" name="test_double_start_returns_400" time="0.149" /><testcase classname="backend.tests.backend_test.TestRobot" name="test_stop" time="0.050" /><testcase classname="backend.tests.backend_test.TestDashboard" name="test_dashboard_stats" time="0.182" /></testsuite></testsuites>