<?xml version="1.0" encoding="utf-8"?><testsuites name="pytest tests"><testsuite name="pytest" errors="0" failures="0" skipped="0" tests="8" time="6.309" timestamp="2026-06-06T22:00:30.361582+00:00" hostname="agent-env-58fd3142-7fe5-4f7e-89e5-10de698b90d1"><testcase classname="tests.test_social_ad.TestAdProducts" name="test_list_returns_enriched_only" time="5.319" /><testcase classname="tests.test_social_ad.TestAssetMissing" name="test_missing_asset_returns_404" time="0.059" /><testcase classname="tests.test_social_ad.TestDraftsList" name="test_drafts_list_structure" time="0.051" /><testcase classname="tests.test_social_ad.TestAssetServe" name="test_serve_generated_asset" time="0.142" /><testcase classname="tests.test_social_ad.TestDraftsAfterGenerate" name="test_generated_draft_present" time="0.047" /><testcase classname="tests.test_social_ad.TestAdPublish" name="test_publish_returns_structured_response" time="0.304" /><testcase classname="tests.test_social_ad.TestBlingVariationsHelpers" name="test_read_parent_stock_with_retry_signature" time="0.268" /><testcase classname="tests.test_social_ad.TestBlingVariationsHelpers" name="test_copy_images_filter_does_not_drop_s3_presigned" time="0.004" /></testsuite></testsuites>